 AS V1.42 Beta [Bld 288] - Source File decoder_roms.asm - Page 1 - 8/11/2025 16:25:13


    1/       0 :                        ;;
    2/       0 :                        ;;   Decoder ROMs 4 and 6 are needed to run Joust and Sinistar.
    3/       0 :                        ;;   Without these, MAME will fail to load the game.
    4/       0 :                        ;;
    5/       0 :                        ;;   While these files are easy to find online, I wanted to add
    6/       0 :                        ;;   them to the source code repositories for completeness sake.
    7/       0 :                        ;;
    8/       0 :                        ;;----------------------------------------------------------------------
    9/       0 :                        ;;
   10/       0 :                        ;;   To build your own Decoder roms, type in the following into a
   11/       0 :                        ;;   command prompt/terminal:
   12/       0 :                        ;;
   13/       0 :                        ;;   asl decoder_roms.asm -o decoder.p
   14/       0 :                        ;;
   15/       0 :                        ;;   Then use P2BIN to generate the two separate decoder roms:
   16/       0 :                        ;;
   17/       0 :                        ;;   p2bin decoder.p decoder_rom_4.3g -r $0000-$01FF
   18/       0 :                        ;;   p2bin decoder.p decoder_rom_6.3c -r $0200-$03FF
   19/       0 :                        
   20/   0 :                                    CPU     6809                                                    ;;This is for {AS} so we can use the FCB instruction.
   21/   0 :                                    RADIX   16
   22/   0 :                            
   23/   0 : =$0                        DecoderRom4     EQU    $0000
   24/   0 : =$1FF                      DecoderRom4End  EQU    $01FF
   25/   0 : =$200                      DecoderRom6a    EQU    $0200
   26/   0 : =$2FF                      DecoderRom6aEnd EQU    $02FF
   27/   0 : =$300                      DecoderRom6b    EQU    $0300
   28/   0 : =$3FF                      DecoderRom6bEnd EQU    $03FF
   29/   0 :                            
   30/   0 :                            ;;Decoder ROM 4 ($000-$1FF)
   31/   0 :                            
   32/   0 :                                    ORG     DecoderRom4
   33/   0 :                            
   34/   0 :                            DECODE4
   35/   0 : 81 02 42 82 03 43 83 04            FCB     81,02,42,82,03,43,83,04
   36/   8 : 44 84 05 45 85 06 46 86            FCB     44,84,05,45,85,06,46,86
   37/  10 : 07 47 87 08 48 88 09 49            FCB     07,47,87,08,48,88,09,49
   38/  18 : 89 0A 4A 8A 0B 4B 8B 0C            FCB     89,0A,4A,8A,0B,4B,8B,0C
   39/  20 : 4C 8C 0D 4D 8D 0E 4E 8E            FCB     4C,8C,0D,4D,8D,0E,4E,8E
   40/  28 : 0F 4F 8F 10 50 90 11 51            FCB     0F,4F,8F,10,50,90,11,51
   41/  30 : 91 12 52 92 13 53 93 14            FCB     91,12,52,92,13,53,93,14
   42/  38 : 54 94 15 55 95 16 56 96            FCB     54,94,15,55,95,16,56,96
   43/  40 :                            
   44/  40 :                                            ; % 1000 0001 0000 0010 0100 0010 1000 0010 0000 0011 0100 0011 1000 0011 0000 0100
   45/  40 :                                            ; % 0100 0100 1000 0100 0000 0101 1000 0101 1000 0101 0000 0110 0100 0110 1000 0110
   46/  40 :                                            ; % 0000 0111 0100 0111 1000 0111 0000 1000 0100 1000 1000 1000 0000 1001 0100 1001
   47/  40 :                                            ; % 1000 1001 0000 1010 0100 1010 1000 1010 0000 1011 0100 1011 1000 1011 0000 1100
   48/  40 :                                            ; % 0100 1100 1000 1100 0000 1101 0100 1101 1000 1101 0000 1110 0100 1110 1000 1110
   49/  40 :                                            ; % 0000 1111 0100 1111 1000 1111 0000 0000 0100 0000 1000 0000 0000 0001 0100 0001
   50/  40 :                                            ; % 1001 0001 0001 0010 0101 0010 1001 0010 0001 0111 0101 0011 1001 0011 0001 0100
   51/  40 :                                            ; % 0101 0100 1001 0100 0001 0101 0101 0101 1001 0101 0001 0110 0101 0110 1001 0110
   52/  40 :                            
   53/  40 : 17 57 97 18 58 98 19 59 99         FCB     17,57,97,18,58,98,19,59,99,1A,5A,9A,1B,5B,9B,1C
        49 : 1A 5A 9A 1B 5B 9B 1C      
   54/  50 : 5C 9C 1D 5D 9D 1E 5E 9E 1F         FCB     5C,9C,1D,5D,9D,1E,5E,9E,1F,5F,9F,20,60,A0,21,61
        59 : 5F 9F 20 60 A0 21 61      
   55/  60 : A1 22 62 A2 23 63 A3 24 64         FCB     A1,22,62,A2,23,63,A3,24,64,A4,25,65,A5,26,66,A6
        69 : A4 25 65 A5 26 66 A6      
   56/  70 : 27 67 A7 28 68 A8 29 69 A9         FCB     27,67,A7,28,68,A8,29,69,A9,2A,6A,AA,2B,6B,AB,2C
        79 : 2A 6A AA 2B 6B AB 2C      
 AS V1.42 Beta [Bld 288] - Source File decoder_roms.asm - Page 2 - 8/11/2025 16:25:13


   57/  80 : 6C AC 2D 6D AD 2E 6E AE 2F         FCB     6C,AC,2D,6D,AD,2E,6E,AE,2F,6F,AF,30,70,B0,31,71
        89 : 6F AF 30 70 B0 31 71      
   58/  90 : B1 32 72 B2 33 73 B3 34 74         FCB     B1,32,72,B2,33,73,B3,34,74,B4,35,75,B5,36,76,B6
        99 : B4 35 75 B5 36 76 B6      
   59/  A0 : 37 77 B7 38 78 B8 39 79 B9         FCB     37,77,B7,38,78,B8,39,79,B9,3A,7A,BA,3B,7B,BB,3C
        A9 : 3A 7A BA 3B 7B BB 3C      
   60/  B0 : 7C BC 3D 7D BD 3E 7E BE 3F         FCB     7C,BC,3D,7D,BD,3E,7E,BE,3F,7F,BF,00,40,80,01,41
        B9 : 7F BF 00 40 80 01 41      
   61/  C0 : C3 CF D0 D9 D2 C9 C7 C8 D4         FCB     C3,CF,D0,D9,D2,C9,C7,C8,D4,80,A8,C3,A9,80,B1,B9
        C9 : 80 A8 C3 A9 80 B1 B9      
   62/  D0 : B8 B1 80 D7 C9 CC CC C9 C1         FCB     B8,B1,80,D7,C9,CC,CC,C9,C1,CD,D3,80,C5,CC,C5,C3
        D9 : CD D3 80 C5 CC C5 C3      
   63/  E0 : D4 D2 CF CE C9 C3 D3 80 C9         FCB     D4,D2,CF,CE,C9,C3,D3,80,C9,CE,C3,AE,80,C1,CC,CC
        E9 : CE C3 AE 80 C1 CC CC      
   64/  F0 : 80 D2 C9 C7 C8 D4 D3 80 D2         FCB     80,D2,C9,C7,C8,D4,D3,80,D2,C5,D3,C5,D2,D6,C5,C4
        F9 : C5 D3 C5 D2 D6 C5 C4      
   65/ 100 : 34 B3 73 33 B2 72 32 B1 71         FCB     34,B3,73,33,B2,72,32,B1,71,31,B0,70,30,AF,6F,2F
       109 : 31 B0 70 30 AF 6F 2F      
   66/ 110 : AE 6E 2E AD 6D 2D AC 6C 2C         FCB     AE,6E,2E,AD,6D,2D,AC,6C,2C,AB,6B,2B,AA,6A,2A,A9
       119 : AB 6B 2B AA 6A 2A A9      
   67/ 120 : 69 29 A8 68 28 A7 67 27 A6         FCB     69,29,A8,68,28,A7,67,27,A6,66,26,A5,65,25,A4,64
       129 : 66 26 A5 65 25 A4 64      
   68/ 130 : 24 A3 63 23 A2 62 22 A1 61         FCB     24,A3,63,23,A2,62,22,A1,61,21,A0,60,20,9F,5F,1F
       139 : 21 A0 60 20 9F 5F 1F      
   69/ 140 : 9E 5E 1E 9D 5D 1D 9C 5C 1C         FCB     9E,5E,1E,9D,5D,1D,9C,5C,1C,9B,5B,1B,9A,5A,1A,99
       149 : 9B 5B 1B 9A 5A 1A 99      
   70/ 150 : 59 19 98 58 18 97 57 17 96         FCB     59,19,98,58,18,97,57,17,96,56,16,95,55,15,94,54
       159 : 56 16 95 55 15 94 54      
   71/ 160 : 14 93 53 13 92 52 12 91 51         FCB     14,93,53,13,92,52,12,91,51,11,90,50,10,8F,4F,0F
       169 : 11 90 50 10 8F 4F 0F      
   72/ 170 : 8E 4E 0E 8D 4D 0D 8C 4C 0C         FCB     8E,4E,0E,8D,4D,0D,8C,4C,0C,8B,4B,0B,8A,4A,0A,89
       179 : 8B 4B 0B 8A 4A 0A 89      
   73/ 180 : 49 09 88 48 08 87 47 07 86         FCB     49,09,88,48,08,87,47,07,86,46,06,85,45,05,84,44
       189 : 46 06 85 45 05 84 44      
   74/ 190 : 04 83 43 03 82 42 02 81 74         FCB     04,83,43,03,82,42,02,81,74,B4,35,75,B5,36,76,B6
       199 : B4 35 75 B5 36 76 B6      
   75/ 1A0 : 37 77 B7 38 78 B8 39 79 B9         FCB     37,77,B7,38,78,B8,39,79,B9,3A,7A,BA,3B,7B,BB,3C
       1A9 : 3A 7A BA 3B 7B BB 3C      
   76/ 1B0 : 7C BC 3D 7D BD 3E 7E BE 3F         FCB     7C,BC,3D,7D,BD,3E,7E,BE,3F,7F,BF,00,40,80,01,41
       1B9 : 7F BF 00 40 80 01 41      
   77/ 1C0 : C3 CF D0 D9 D2 C9 C7 C8 D4         FCB     C3,CF,D0,D9,D2,C9,C7,C8,D4,80,A8,C3,A9,80,B1,B9
       1C9 : 80 A8 C3 A9 80 B1 B9      
   78/ 1D0 : B8 B1 80 D7 C9 CC CC C9 C1         FCB     B8,B1,80,D7,C9,CC,CC,C9,C1,CD,D3,80,C5,CC,C5,C3
       1D9 : CD D3 80 C5 CC C5 C3      
   79/ 1E0 : D4 D2 CF CE C9 C3 D3 80 C9         FCB     D4,D2,CF,CE,C9,C3,D3,80,C9,CE,C3,AE,80,C1,CC,CC
       1E9 : CE C3 AE 80 C1 CC CC      
   80/ 1F0 : 80 D2 C9 C7 C8 D4 D3 80 D2         FCB     80,D2,C9,C7,C8,D4,D3,80,D2,C5,D3,C5,D2,D6,C5,C4
       1F9 : C5 D3 C5 D2 D6 C5 C4      
   81/ 200 :                            
   82/ 200 :                                ; check to see if the current address is LARGER than the provided limit -- if it is, then throw an error.
   83/ 200 : =>FALSE                        IF (* < (DecoderRom4End + 1))
   84/ 200 :                                    WARNING "\a The module is smaller than the current address space.  [ DecoderRom4: $\{DecoderRom4} -> $\{DecoderRom4End} => max $\{(DecoderRom4End - DecoderRom4) + 1} bytes allowed vs. actual of $\{* - DecoderRom4} bytes used ($\{(DecoderRom4End - *) + 1} bytes unused) ]"
   85/ 200 : =>TRUE                         ELSEIF (* = (DecoderRom4End + 1))
 The module is precisely sized to the current address space.  [ DecoderRom4: $0 -> $1FF => $200 bytes]
   86/ 200 :                                    MESSAGE "\a The module is precisely sized to the current address space.  [ DecoderRom4: $\{DecoderRom4} -> $\{DecoderRom4End} => $\{DecoderRom4End - DecoderRom4 + 1} bytes]"
   87/ 200 : =>FALSE                        ELSE
   88/ 200 :                                    ERROR "\a The module is too large to fit in the current address space.  [ DecoderRom4: $\{DecoderRom4} -> $\{DecoderRom4End} => $\{(DecoderRom4End - DecoderRom4) + 1} bytes expected vs. actual of $\{(* - DecoderRom4) + 1} bytes ($\{* - DecoderRom4End} bytes too large) ]"
   89/ 200 : [83]                           ENDIF
   90/ 200 :                            
   91/ 200 :                            ;;Decoder ROM 6 ($200-$3FF)
 AS V1.42 Beta [Bld 288] - Source File decoder_roms.asm - Page 3 - 8/11/2025 16:25:13


   92/ 200 :                            
   93/ 200 :                                    ORG     DecoderRom6a
   94/ 200 :                            
   95/ 200 :                            DECODE6_TABLE1
   96/ 200 : 00 00 01 02 03 04 05 06 07         FCB     00,00,01,02,03,04,05,06,07,08,09,0A,0B,0C,0D,0E
       209 : 08 09 0A 0B 0C 0D 0E      
   97/ 210 : 0F 10 11 12 13 14 15 16 17         FCB     0F,10,11,12,13,14,15,16,17,18,19,1A,1B,1C,1D,1E
       219 : 18 19 1A 1B 1C 1D 1E      
   98/ 220 : 1F 20 21 22 23 24 25 26 27         FCB     1F,20,21,22,23,24,25,26,27,28,29,2A,2B,2C,2D,2E
       229 : 28 29 2A 2B 2C 2D 2E      
   99/ 230 : 2F 30 31 32 33 34 35 36 37         FCB     2F,30,31,32,33,34,35,36,37,38,39,3A,3B,3C,3D,3E
       239 : 38 39 3A 3B 3C 3D 3E      
  100/ 240 : 3F 40 41 42 43 44 45 46 47         FCB     3F,40,41,42,43,44,45,46,47,48,49,4A,4B,4C,4D,4E
       249 : 48 49 4A 4B 4C 4D 4E      
  101/ 250 : 4F 50 51 52 53 54 55 56 57         FCB     4F,50,51,52,53,54,55,56,57,58,59,5A,5B,5C,5D,5E
       259 : 58 59 5A 5B 5C 5D 5E      
  102/ 260 : 5F 60 61 62 63 64 65 66 67         FCB     5F,60,61,62,63,64,65,66,67,68,69,6A,6B,6C,6D,6E
       269 : 68 69 6A 6B 6C 6D 6E      
  103/ 270 : 6F 70 71 72 73 74 75 76 77         FCB     6F,70,71,72,73,74,75,76,77,78,79,7A,7B,7C,7D,7E
       279 : 78 79 7A 7B 7C 7D 7E      
  104/ 280 : 7F 80 81 82 83 84 85 86 87         FCB     7F,80,81,82,83,84,85,86,87,88,89,8A,8B,8C,8D,8E
       289 : 88 89 8A 8B 8C 8D 8E      
  105/ 290 : 8F 90 91 92 93 94 95 96 97         FCB     8F,90,91,92,93,94,95,96,97,98,99,9A,9B,9C,9D,9E
       299 : 98 99 9A 9B 9C 9D 9E      
  106/ 2A0 : 9F A0 A1 A2 A3 A4 A5 A6 A7         FCB     9F,A0,A1,A2,A3,A4,A5,A6,A7,A8,A9,AA,AB,AC,AD,AE
       2A9 : A8 A9 AA AB AC AD AE      
  107/ 2B0 : AF B0 B1 B2 B3 B4 B5 B6 B7         FCB     AF,B0,B1,B2,B3,B4,B5,B6,B7,B8,B9,BA,BB,BC,BD,BE
       2B9 : B8 B9 BA BB BC BD BE      
  108/ 2C0 : BF C0 C1 C2 C3 C4 C5 C6 C7         FCB     BF,C0,C1,C2,C3,C4,C5,C6,C7,C8,C9,CA,CB,CC,CD,CE
       2C9 : C8 C9 CA CB CC CD CE      
  109/ 2D0 : CF D0 D1 D2 D3 D4 D5 D6 D7         FCB     CF,D0,D1,D2,D3,D4,D5,D6,D7,D8,D9,DA,DB,DC,DD,DE
       2D9 : D8 D9 DA DB DC DD DE      
  110/ 2E0 : DF E0 E1 E2 E3 E4 E5 E6 E7         FCB     DF,E0,E1,E2,E3,E4,E5,E6,E7,E8,E9,EA,EB,EC,ED,EE
       2E9 : E8 E9 EA EB EC ED EE      
  111/ 2F0 : EF F0 F1 F2 F3 F4 F5 F6 F7         FCB     EF,F0,F1,F2,F3,F4,F5,F6,F7,00,00,00,00,00,00,00
       2F9 : 00 00 00 00 00 00 00      
  112/ 300 :                            
  113/ 300 :                                ; check to see if the current address is LARGER than the provided limit -- if it is, then throw an error.
  114/ 300 : =>FALSE                        IF (* < (DecoderRom6aEnd + 1))
  115/ 300 :                                    WARNING "\a The module is smaller than the current address space.  [ DecoderRom6a: $\{DecoderRom6a} -> $\{DecoderRom6aEnd} => max $\{(DecoderRom6aEnd - DecoderRom6a) + 1} bytes allowed vs. actual of $\{* - DecoderRom6a} bytes used ($\{(DecoderRom6aEnd - *) + 1} bytes unused) ]"
  116/ 300 : =>TRUE                         ELSEIF (* = (DecoderRom6aEnd + 1))
 The module is precisely sized to the current address space.  [ DecoderRom6a: $200 -> $2FF => $100 bytes]
  117/ 300 :                                    MESSAGE "\a The module is precisely sized to the current address space.  [ DecoderRom6a: $\{DecoderRom6a} -> $\{DecoderRom6aEnd} => $\{DecoderRom6aEnd - DecoderRom6a + 1} bytes]"
  118/ 300 : =>FALSE                        ELSE
  119/ 300 :                                    ERROR "\a The module is too large to fit in the current address space.  [ DecoderRom6a: $\{DecoderRom6a} -> $\{DecoderRom6aEnd} => $\{(DecoderRom6aEnd - DecoderRom6a) + 1} bytes expected vs. actual of $\{(* - DecoderRom6a) + 1} bytes ($\{* - DecoderRom6aEnd} bytes too large) ]"
  120/ 300 : [114]                          ENDIF
  121/ 300 :                            
  122/ 300 :                                    ORG     DecoderRom6b
  123/ 300 :                            
  124/ 300 :                            DECODE6_TABLE2 ;;(Mirrored)
  125/ 300 : 00 00 00 00 00 00 00 F7 F6         FCB     00,00,00,00,00,00,00,F7,F6,F5,F4,F3,F2,F1,F0,EF
       309 : F5 F4 F3 F2 F1 F0 EF      
  126/ 310 : EE ED EC EB EA E9 E8 E7 E6         FCB     EE,ED,EC,EB,EA,E9,E8,E7,E6,E5,E4,E3,E2,E1,E0,DF
       319 : E5 E4 E3 E2 E1 E0 DF      
  127/ 320 : DE DD DC DB DA D9 D8 D7 D6         FCB     DE,DD,DC,DB,DA,D9,D8,D7,D6,D5,D4,D3,D2,D1,D0,CF
       329 : D5 D4 D3 D2 D1 D0 CF      
  128/ 330 : CE CD CC CB CA C9 C8 C7 C6         FCB     CE,CD,CC,CB,CA,C9,C8,C7,C6,C5,C4,C3,C2,C1,C0,BF
       339 : C5 C4 C3 C2 C1 C0 BF      
  129/ 340 : BE BD BC BB BA B9 B8 B7 B6         FCB     BE,BD,BC,BB,BA,B9,B8,B7,B6,B5,B4,B3,B2,B1,B0,AF
       349 : B5 B4 B3 B2 B1 B0 AF      
 AS V1.42 Beta [Bld 288] - Source File decoder_roms.asm - Page 4 - 8/11/2025 16:25:13


  130/ 350 : AE AD AC AB AA A9 A8 A7 A6         FCB     AE,AD,AC,AB,AA,A9,A8,A7,A6,A5,A4,A3,A2,A1,A0,9F
       359 : A5 A4 A3 A2 A1 A0 9F      
  131/ 360 : 9E 9D 9C 9B 9A 99 98 97 96         FCB     9E,9D,9C,9B,9A,99,98,97,96,95,94,93,92,91,90,8F
       369 : 95 94 93 92 91 90 8F      
  132/ 370 : 8E 8D 8C 8B 8A 89 88 87 86         FCB     8E,8D,8C,8B,8A,89,88,87,86,85,84,83,82,81,80,7F
       379 : 85 84 83 82 81 80 7F      
  133/ 380 : 7E 7D 7C 7B 7A 79 78 77 76         FCB     7E,7D,7C,7B,7A,79,78,77,76,75,74,73,72,71,70,6F
       389 : 75 74 73 72 71 70 6F      
  134/ 390 : 6E 6D 6C 6B 6A 69 68 67 66         FCB     6E,6D,6C,6B,6A,69,68,67,66,65,64,63,62,61,60,5F
       399 : 65 64 63 62 61 60 5F      
  135/ 3A0 : 5E 5D 5C 5B 5A 59 58 57 56         FCB     5E,5D,5C,5B,5A,59,58,57,56,55,54,53,52,51,50,4F
       3A9 : 55 54 53 52 51 50 4F      
  136/ 3B0 : 4E 4D 4C 4B 4A 49 48 47 46         FCB     4E,4D,4C,4B,4A,49,48,47,46,45,44,43,42,41,40,3F
       3B9 : 45 44 43 42 41 40 3F      
  137/ 3C0 : 3E 3D 3C 3B 3A 39 38 37 36         FCB     3E,3D,3C,3B,3A,39,38,37,36,35,34,33,32,31,30,2F
       3C9 : 35 34 33 32 31 30 2F      
  138/ 3D0 : 2E 2D 2C 2B 2A 29 28 27 26         FCB     2E,2D,2C,2B,2A,29,28,27,26,25,24,23,22,21,20,1F
       3D9 : 25 24 23 22 21 20 1F      
  139/ 3E0 : 1E 1D 1C 1B 1A 19 18 17 16         FCB     1E,1D,1C,1B,1A,19,18,17,16,15,14,13,12,11,10,0F
       3E9 : 15 14 13 12 11 10 0F      
  140/ 3F0 : 0E 0D 0C 0B 0A 09 08 07 06         FCB     0E,0D,0C,0B,0A,09,08,07,06,05,04,03,02,01,00,00
       3F9 : 05 04 03 02 01 00 00      
  141/ 400 :                            
  142/ 400 :                                ; check to see if the current address is LARGER than the provided limit -- if it is, then throw an error.
  143/ 400 : =>FALSE                        IF (* < (DecoderRom6bEnd + 1))
  144/ 400 :                                    WARNING "\a The module is smaller than the current address space.  [ DecoderRom6b: $\{DecoderRom6b} -> $\{DecoderRom6bEnd} => max $\{(DecoderRom6bEnd - DecoderRom6b) + 1} bytes allowed vs. actual of $\{* - DecoderRom6b} bytes used ($\{(DecoderRom6bEnd - *) + 1} bytes unused) ]"
  145/ 400 : =>TRUE                         ELSEIF (* = (DecoderRom6bEnd + 1))
 The module is precisely sized to the current address space.  [ DecoderRom6b: $300 -> $3FF => $100 bytes]
  146/ 400 :                                    MESSAGE "\a The module is precisely sized to the current address space.  [ DecoderRom6b: $\{DecoderRom6b} -> $\{DecoderRom6bEnd} => $\{DecoderRom6bEnd - DecoderRom6b + 1} bytes]"
  147/ 400 : =>FALSE                        ELSE
  148/ 400 :                                    ERROR "\a The module is too large to fit in the current address space.  [ DecoderRom6b: $\{DecoderRom6b} -> $\{DecoderRom6bEnd} => $\{(DecoderRom6bEnd - DecoderRom6b) + 1} bytes expected vs. actual of $\{(* - DecoderRom6b) + 1} bytes ($\{* - DecoderRom6bEnd} bytes too large) ]"
  149/ 400 : [143]                          ENDIF
  150/ 400 :                            
 AS V1.42 Beta [Bld 288] - Source File decoder_roms.asm - Page 5 - 8/11/2025 16:25:14


  Symbol Table (* = unused):
  --------------------------

*ARCHITECTURE :                                        "i386-unknown-win32" - |
*CASESENSITIVE :                  0 - | *CONSTPI :        3.141592653589793 - |
*DATE :                 "8/11/2025" - | *DECODE4 :                        0 C |
*DECODE6_TABLE1 :               200 C | *DECODE6_TABLE2 :               300 C |
 DECODERROM4 :                    0 - |  DECODERROM4END :               1FF - |
 DECODERROM6A :                 200 - |  DECODERROM6AEND :              2FF - |
 DECODERROM6B :                 300 - |  DECODERROM6BEND :              3FF - |
*FALSE :                          0 - | *FLOATMAX :      1.797693134866E308 - |
*HAS64 :                          1 - | *LISTON :                         1 - |
*MACEXP :                         7 - | *MOMCPU :                      6809 - |
*MOMCPUNAME :                "6809" - | *NESTMAX :                      100 - |
*PADDING :                        0 - | *PLAINBASE :                      0 - |
*RELAXED :                        0 - | *TIME :                  "16:25:13" - |
*TRUE :                           1 - | *VERSION :                     142F - |

     27 symbols
     21 unused symbols

 AS V1.42 Beta [Bld 288] - Source File decoder_roms.asm - Page 6 - 8/11/2025 16:25:14


  Code Pages:
  ----------

STANDARD (0 changed characters)

1 code page

0.01 seconds assembly time

    150 lines source file
      1 pass
      0 errors
      0 warnings
